<?xml version="1.0" encoding="UTF-8"?>
<coverage generated="1657558181278" clover="3.2.0">
  <project timestamp="1657558181278" name="All files">
    <metrics statements="189" coveredstatements="135" conditionals="51" coveredconditionals="45" methods="14" coveredmethods="11" elements="254" coveredelements="191" complexity="0" loc="189" ncloc="189" packages="1" files="1" classes="1"/>
    <file name="faceDetectionCalc.js" path="C:\Users\adria\Documents\Programming\InceptionU\project3\project3\server\db\models\faceDetectionCalc.js">
      <metrics statements="189" coveredstatements="135" conditionals="51" coveredconditionals="45" methods="14" coveredmethods="11"/>
      <line num="1" count="1" type="stmt"/>
      <line num="2" count="1" type="stmt"/>
      <line num="4" count="1" type="stmt"/>
      <line num="15" count="49" type="cond" truecount="2" falsecount="0"/>
      <line num="16" count="7" type="stmt"/>
      <line num="17" count="7" type="cond" truecount="1" falsecount="1"/>
      <line num="18" count="7" type="stmt"/>
      <line num="19" count="11" type="cond" truecount="2" falsecount="0"/>
      <line num="20" count="4" type="stmt"/>
      <line num="26" count="45" type="cond" truecount="2" falsecount="0"/>
      <line num="27" count="6" type="stmt"/>
      <line num="28" count="6" type="stmt"/>
      <line num="29" count="6" type="cond" truecount="1" falsecount="1"/>
      <line num="30" count="6" type="stmt"/>
      <line num="31" count="12" type="cond" truecount="2" falsecount="0"/>
      <line num="32" count="4" type="stmt"/>
      <line num="37" count="6" type="cond" truecount="2" falsecount="0"/>
      <line num="38" count="2" type="stmt"/>
      <line num="41" count="43" type="cond" truecount="2" falsecount="0"/>
      <line num="42" count="5" type="stmt"/>
      <line num="43" count="5" type="cond" truecount="1" falsecount="1"/>
      <line num="44" count="5" type="stmt"/>
      <line num="46" count="5" type="cond" truecount="2" falsecount="0"/>
      <line num="47" count="1" type="stmt"/>
      <line num="53" count="42" type="cond" truecount="2" falsecount="0"/>
      <line num="54" count="6" type="stmt"/>
      <line num="55" count="11" type="cond" truecount="1" falsecount="1"/>
      <line num="56" count="11" type="stmt"/>
      <line num="57" count="11" type="cond" truecount="2" falsecount="0"/>
      <line num="58" count="2" type="stmt"/>
      <line num="64" count="40" type="stmt"/>
      <line num="71" count="18" type="stmt"/>
      <line num="73" count="18" type="cond" truecount="2" falsecount="0"/>
      <line num="74" count="31" type="cond" truecount="2" falsecount="0"/>
      <line num="75" count="7" type="stmt"/>
      <line num="77" count="24" type="stmt"/>
      <line num="80" count="18" type="stmt"/>
      <line num="88" count="36" type="cond" truecount="2" falsecount="0"/>
      <line num="89" count="20" type="stmt"/>
      <line num="91" count="16" type="stmt"/>
      <line num="92" count="16" type="stmt"/>
      <line num="93" count="16" type="stmt"/>
      <line num="95" count="16" type="stmt"/>
      <line num="105" count="23" type="stmt"/>
      <line num="113" count="24" type="cond" truecount="1" falsecount="1"/>
      <line num="114" count="0" type="stmt"/>
      <line num="116" count="24" type="stmt"/>
      <line num="117" count="24" type="stmt"/>
      <line num="118" count="96" type="stmt"/>
      <line num="120" count="24" type="stmt"/>
      <line num="129" count="3" type="stmt"/>
      <line num="130" count="3" type="stmt"/>
      <line num="131" count="21" type="stmt"/>
      <line num="132" count="21" type="cond" truecount="1" falsecount="1"/>
      <line num="133" count="21" type="stmt"/>
      <line num="134" count="21" type="cond" truecount="2" falsecount="0"/>
      <line num="135" count="9" type="stmt"/>
      <line num="137" count="12" type="stmt"/>
      <line num="138" count="12" type="stmt"/>
      <line num="140" count="12" type="stmt"/>
      <line num="141" count="24" type="cond" truecount="2" falsecount="0"/>
      <line num="142" count="11" type="stmt"/>
      <line num="143" count="11" type="stmt"/>
      <line num="146" count="12" type="cond" truecount="2" falsecount="0"/>
      <line num="147" count="8" type="stmt"/>
      <line num="153" count="3" type="stmt"/>
      <line num="159" count="2" type="stmt"/>
      <line num="161" count="2" type="stmt"/>
      <line num="162" count="2" type="stmt"/>
      <line num="163" count="2" type="stmt"/>
      <line num="164" count="2" type="stmt"/>
      <line num="166" count="2" type="stmt"/>
      <line num="167" count="2" type="stmt"/>
      <line num="168" count="2" type="stmt"/>
      <line num="169" count="2" type="stmt"/>
      <line num="171" count="2" type="stmt"/>
      <line num="172" count="2" type="stmt"/>
      <line num="173" count="2" type="stmt"/>
      <line num="174" count="2" type="stmt"/>
      <line num="176" count="2" type="stmt"/>
      <line num="177" count="2" type="stmt"/>
      <line num="178" count="2" type="stmt"/>
      <line num="179" count="2" type="stmt"/>
      <line num="181" count="2" type="stmt"/>
      <line num="182" count="2" type="stmt"/>
      <line num="183" count="2" type="stmt"/>
      <line num="184" count="2" type="stmt"/>
      <line num="186" count="2" type="stmt"/>
      <line num="187" count="2" type="stmt"/>
      <line num="188" count="2" type="stmt"/>
      <line num="189" count="2" type="stmt"/>
      <line num="190" count="2" type="stmt"/>
      <line num="192" count="2" type="stmt"/>
      <line num="195" count="2" type="stmt"/>
      <line num="196" count="2" type="stmt"/>
      <line num="197" count="2" type="stmt"/>
      <line num="198" count="2" type="stmt"/>
      <line num="199" count="2" type="stmt"/>
      <line num="200" count="2" type="stmt"/>
      <line num="201" count="2" type="stmt"/>
      <line num="203" count="2" type="stmt"/>
      <line num="204" count="2" type="stmt"/>
      <line num="205" count="2" type="stmt"/>
      <line num="207" count="2" type="stmt"/>
      <line num="208" count="2" type="stmt"/>
      <line num="209" count="2" type="stmt"/>
      <line num="211" count="2" type="stmt"/>
      <line num="212" count="2" type="stmt"/>
      <line num="213" count="2" type="stmt"/>
      <line num="226" count="2" type="stmt"/>
      <line num="231" count="0" type="stmt"/>
      <line num="232" count="0" type="stmt"/>
      <line num="234" count="0" type="stmt"/>
      <line num="236" count="0" type="stmt"/>
      <line num="237" count="0" type="stmt"/>
      <line num="242" count="0" type="stmt"/>
      <line num="244" count="0" type="stmt"/>
      <line num="246" count="0" type="stmt"/>
      <line num="248" count="0" type="stmt"/>
      <line num="254" count="0" type="stmt"/>
      <line num="256" count="0" type="stmt"/>
      <line num="263" count="1" type="stmt"/>
      <line num="264" count="1" type="stmt"/>
      <line num="266" count="1" type="stmt"/>
      <line num="268" count="0" type="stmt"/>
      <line num="269" count="0" type="stmt"/>
      <line num="273" count="1" type="stmt"/>
      <line num="275" count="1" type="stmt"/>
      <line num="277" count="1" type="stmt"/>
      <line num="278" count="1" type="stmt"/>
      <line num="284" count="1" type="stmt"/>
      <line num="287" count="1" type="stmt"/>
      <line num="289" count="1" type="stmt"/>
      <line num="291" count="1" type="stmt"/>
      <line num="293" count="1" type="stmt"/>
      <line num="295" count="1" type="stmt"/>
      <line num="299" count="1" type="stmt"/>
      <line num="304" count="1" type="stmt"/>
      <line num="309" count="1" type="stmt"/>
      <line num="310" count="1" type="stmt"/>
      <line num="312" count="1" type="stmt"/>
      <line num="314" count="0" type="stmt"/>
      <line num="315" count="0" type="stmt"/>
      <line num="320" count="1" type="stmt"/>
      <line num="322" count="1" type="stmt"/>
      <line num="325" count="1" type="stmt"/>
      <line num="328" count="1" type="stmt"/>
      <line num="330" count="1" type="stmt"/>
      <line num="332" count="1" type="stmt"/>
      <line num="337" count="1" type="stmt"/>
      <line num="341" count="0" type="stmt"/>
      <line num="342" count="0" type="stmt"/>
      <line num="343" count="0" type="stmt"/>
      <line num="345" count="0" type="stmt"/>
      <line num="346" count="0" type="stmt"/>
      <line num="350" count="0" type="stmt"/>
      <line num="351" count="0" type="stmt"/>
      <line num="352" count="0" type="stmt"/>
      <line num="353" count="0" type="stmt"/>
      <line num="355" count="0" type="stmt"/>
      <line num="356" count="0" type="stmt"/>
      <line num="357" count="0" type="stmt"/>
      <line num="358" count="0" type="stmt"/>
      <line num="359" count="0" type="stmt"/>
      <line num="361" count="0" type="stmt"/>
      <line num="362" count="0" type="stmt"/>
      <line num="363" count="0" type="stmt"/>
      <line num="364" count="0" type="stmt"/>
      <line num="366" count="0" type="stmt"/>
      <line num="371" count="0" type="stmt"/>
      <line num="372" count="0" type="stmt"/>
      <line num="377" count="0" type="stmt"/>
      <line num="378" count="0" type="stmt"/>
      <line num="379" count="0" type="stmt"/>
      <line num="380" count="0" type="stmt"/>
      <line num="382" count="0" type="stmt"/>
      <line num="383" count="0" type="stmt"/>
      <line num="384" count="0" type="stmt"/>
      <line num="385" count="0" type="stmt"/>
      <line num="387" count="0" type="stmt"/>
      <line num="388" count="0" type="stmt"/>
      <line num="390" count="0" type="stmt"/>
      <line num="391" count="0" type="stmt"/>
      <line num="393" count="0" type="stmt"/>
      <line num="394" count="0" type="stmt"/>
      <line num="395" count="0" type="stmt"/>
      <line num="399" count="0" type="stmt"/>
      <line num="406" count="0" type="stmt"/>
      <line num="409" count="1" type="stmt"/>
    </file>
  </project>
</coverage>
