{"C:\\Users\\adria\\Documents\\Programming\\InceptionU\\project3\\project3\\server\\db\\models\\faceDetectionCalc.js": {"path":"C:\\Users\\adria\\Documents\\Programming\\InceptionU\\project3\\project3\\server\\db\\models\\faceDetectionCalc.js","statementMap":{"0":{"start":{"line":1,"column":15},"end":{"line":1,"column":46}},"1":{"start":{"line":2,"column":15},"end":{"line":2,"column":36}},"2":{"start":{"line":4,"column":13},"end":{"line":9,"column":1}},"3":{"start":{"line":15,"column":4},"end":{"line":25,"column":5}},"4":{"start":{"line":16,"column":8},"end":{"line":24,"column":9}},"5":{"start":{"line":17,"column":12},"end":{"line":23,"column":13}},"6":{"start":{"line":18,"column":16},"end":{"line":22,"column":17}},"7":{"start":{"line":19,"column":20},"end":{"line":21,"column":21}},"8":{"start":{"line":20,"column":24},"end":{"line":20,"column":36}},"9":{"start":{"line":26,"column":4},"end":{"line":40,"column":5}},"10":{"start":{"line":27,"column":19},"end":{"line":27,"column":24}},"11":{"start":{"line":28,"column":8},"end":{"line":36,"column":9}},"12":{"start":{"line":29,"column":12},"end":{"line":35,"column":13}},"13":{"start":{"line":30,"column":16},"end":{"line":34,"column":17}},"14":{"start":{"line":31,"column":20},"end":{"line":33,"column":21}},"15":{"start":{"line":32,"column":24},"end":{"line":32,"column":35}},"16":{"start":{"line":37,"column":8},"end":{"line":39,"column":9}},"17":{"start":{"line":38,"column":12},"end":{"line":38,"column":24}},"18":{"start":{"line":41,"column":4},"end":{"line":52,"column":5}},"19":{"start":{"line":42,"column":8},"end":{"line":51,"column":9}},"20":{"start":{"line":43,"column":12},"end":{"line":50,"column":13}},"21":{"start":{"line":44,"column":16},"end":{"line":49,"column":17}},"22":{"start":{"line":46,"column":20},"end":{"line":48,"column":21}},"23":{"start":{"line":47,"column":24},"end":{"line":47,"column":36}},"24":{"start":{"line":53,"column":4},"end":{"line":63,"column":5}},"25":{"start":{"line":54,"column":8},"end":{"line":62,"column":9}},"26":{"start":{"line":55,"column":12},"end":{"line":61,"column":13}},"27":{"start":{"line":56,"column":16},"end":{"line":60,"column":17}},"28":{"start":{"line":57,"column":20},"end":{"line":59,"column":21}},"29":{"start":{"line":58,"column":24},"end":{"line":58,"column":36}},"30":{"start":{"line":64,"column":4},"end":{"line":64,"column":15}},"31":{"start":{"line":71,"column":16},"end":{"line":71,"column":18}},"32":{"start":{"line":73,"column":8},"end":{"line":79,"column":9}},"33":{"start":{"line":74,"column":12},"end":{"line":78,"column":13}},"34":{"start":{"line":75,"column":16},"end":{"line":75,"column":42}},"35":{"start":{"line":77,"column":16},"end":{"line":77,"column":43}},"36":{"start":{"line":80,"column":4},"end":{"line":80,"column":42}},"37":{"start":{"line":88,"column":4},"end":{"line":90,"column":5}},"38":{"start":{"line":89,"column":8},"end":{"line":89,"column":20}},"39":{"start":{"line":91,"column":14},"end":{"line":91,"column":42}},"40":{"start":{"line":92,"column":15},"end":{"line":92,"column":34}},"41":{"start":{"line":93,"column":16},"end":{"line":93,"column":32}},"42":{"start":{"line":95,"column":4},"end":{"line":95,"column":51}},"43":{"start":{"line":105,"column":4},"end":{"line":105,"column":55}},"44":{"start":{"line":113,"column":4},"end":{"line":115,"column":5}},"45":{"start":{"line":114,"column":8},"end":{"line":114,"column":61}},"46":{"start":{"line":116,"column":14},"end":{"line":116,"column":15}},"47":{"start":{"line":117,"column":4},"end":{"line":119,"column":5}},"48":{"start":{"line":117,"column":14},"end":{"line":117,"column":15}},"49":{"start":{"line":118,"column":8},"end":{"line":118,"column":50}},"50":{"start":{"line":120,"column":4},"end":{"line":120,"column":25}},"51":{"start":{"line":129,"column":18},"end":{"line":129,"column":20}},"52":{"start":{"line":130,"column":4},"end":{"line":151,"column":5}},"53":{"start":{"line":130,"column":14},"end":{"line":130,"column":15}},"54":{"start":{"line":131,"column":22},"end":{"line":131,"column":133}},"55":{"start":{"line":132,"column":8},"end":{"line":150,"column":9}},"56":{"start":{"line":133,"column":25},"end":{"line":133,"column":67}},"57":{"start":{"line":134,"column":12},"end":{"line":149,"column":13}},"58":{"start":{"line":135,"column":16},"end":{"line":135,"column":58}},"59":{"start":{"line":137,"column":34},"end":{"line":137,"column":35}},"60":{"start":{"line":138,"column":24},"end":{"line":138,"column":37}},"61":{"start":{"line":140,"column":16},"end":{"line":145,"column":17}},"62":{"start":{"line":140,"column":26},"end":{"line":140,"column":27}},"63":{"start":{"line":141,"column":20},"end":{"line":144,"column":21}},"64":{"start":{"line":142,"column":24},"end":{"line":142,"column":38}},"65":{"start":{"line":143,"column":24},"end":{"line":143,"column":42}},"66":{"start":{"line":146,"column":16},"end":{"line":148,"column":17}},"67":{"start":{"line":147,"column":20},"end":{"line":147,"column":69}},"68":{"start":{"line":153,"column":4},"end":{"line":153,"column":18}},"69":{"start":{"line":159,"column":4},"end":{"line":159,"column":30}},"70":{"start":{"line":161,"column":23},"end":{"line":161,"column":45}},"71":{"start":{"line":162,"column":26},"end":{"line":162,"column":48}},"72":{"start":{"line":163,"column":32},"end":{"line":163,"column":54}},"73":{"start":{"line":164,"column":31},"end":{"line":164,"column":53}},"74":{"start":{"line":166,"column":25},"end":{"line":166,"column":47}},"75":{"start":{"line":167,"column":27},"end":{"line":167,"column":49}},"76":{"start":{"line":168,"column":33},"end":{"line":168,"column":55}},"77":{"start":{"line":169,"column":32},"end":{"line":169,"column":54}},"78":{"start":{"line":171,"column":32},"end":{"line":171,"column":53}},"79":{"start":{"line":172,"column":24},"end":{"line":172,"column":46}},"80":{"start":{"line":173,"column":27},"end":{"line":173,"column":49}},"81":{"start":{"line":174,"column":28},"end":{"line":174,"column":50}},"82":{"start":{"line":176,"column":28},"end":{"line":176,"column":50}},"83":{"start":{"line":177,"column":29},"end":{"line":177,"column":51}},"84":{"start":{"line":178,"column":27},"end":{"line":178,"column":49}},"85":{"start":{"line":179,"column":28},"end":{"line":179,"column":50}},"86":{"start":{"line":181,"column":19},"end":{"line":181,"column":40}},"87":{"start":{"line":182,"column":28},"end":{"line":182,"column":50}},"88":{"start":{"line":183,"column":27},"end":{"line":183,"column":49}},"89":{"start":{"line":184,"column":29},"end":{"line":184,"column":51}},"90":{"start":{"line":186,"column":20},"end":{"line":186,"column":41}},"91":{"start":{"line":187,"column":20},"end":{"line":187,"column":41}},"92":{"start":{"line":188,"column":21},"end":{"line":188,"column":43}},"93":{"start":{"line":189,"column":22},"end":{"line":189,"column":44}},"94":{"start":{"line":190,"column":23},"end":{"line":190,"column":45}},"95":{"start":{"line":192,"column":27},"end":{"line":192,"column":49}},"96":{"start":{"line":195,"column":21},"end":{"line":195,"column":142}},"97":{"start":{"line":196,"column":23},"end":{"line":196,"column":186}},"98":{"start":{"line":197,"column":22},"end":{"line":197,"column":149}},"99":{"start":{"line":198,"column":24},"end":{"line":198,"column":193}},"100":{"start":{"line":199,"column":34},"end":{"line":199,"column":63}},"101":{"start":{"line":200,"column":33},"end":{"line":200,"column":60}},"102":{"start":{"line":201,"column":34},"end":{"line":201,"column":88}},"103":{"start":{"line":203,"column":27},"end":{"line":203,"column":166}},"104":{"start":{"line":204,"column":30},"end":{"line":204,"column":172}},"105":{"start":{"line":205,"column":36},"end":{"line":205,"column":76}},"106":{"start":{"line":207,"column":27},"end":{"line":207,"column":172}},"107":{"start":{"line":208,"column":24},"end":{"line":208,"column":163}},"108":{"start":{"line":209,"column":30},"end":{"line":209,"column":64}},"109":{"start":{"line":211,"column":30},"end":{"line":211,"column":169}},"110":{"start":{"line":212,"column":29},"end":{"line":212,"column":147}},"111":{"start":{"line":213,"column":31},"end":{"line":213,"column":73}},"112":{"start":{"line":226,"column":4},"end":{"line":226,"column":120}},"113":{"start":{"line":231,"column":8},"end":{"line":238,"column":9}},"114":{"start":{"line":232,"column":27},"end":{"line":232,"column":62}},"115":{"start":{"line":234,"column":12},"end":{"line":234,"column":25}},"116":{"start":{"line":236,"column":12},"end":{"line":236,"column":31}},"117":{"start":{"line":237,"column":12},"end":{"line":237,"column":71}},"118":{"start":{"line":242,"column":19},"end":{"line":242,"column":58}},"119":{"start":{"line":244,"column":26},"end":{"line":244,"column":35}},"120":{"start":{"line":246,"column":25},"end":{"line":246,"column":72}},"121":{"start":{"line":248,"column":20},"end":{"line":252,"column":5}},"122":{"start":{"line":254,"column":27},"end":{"line":254,"column":53}},"123":{"start":{"line":256,"column":4},"end":{"line":256,"column":27}},"124":{"start":{"line":263,"column":8},"end":{"line":270,"column":9}},"125":{"start":{"line":264,"column":27},"end":{"line":264,"column":62}},"126":{"start":{"line":266,"column":12},"end":{"line":266,"column":25}},"127":{"start":{"line":268,"column":12},"end":{"line":268,"column":31}},"128":{"start":{"line":269,"column":12},"end":{"line":269,"column":71}},"129":{"start":{"line":273,"column":19},"end":{"line":273,"column":58}},"130":{"start":{"line":275,"column":26},"end":{"line":275,"column":35}},"131":{"start":{"line":277,"column":25},"end":{"line":277,"column":72}},"132":{"start":{"line":278,"column":20},"end":{"line":282,"column":5}},"133":{"start":{"line":287,"column":28},"end":{"line":287,"column":45}},"134":{"start":{"line":289,"column":27},"end":{"line":289,"column":53}},"135":{"start":{"line":291,"column":18},"end":{"line":291,"column":66}},"136":{"start":{"line":292,"column":19},"end":{"line":292,"column":47}},"137":{"start":{"line":294,"column":21},"end":{"line":294,"column":133}},"138":{"start":{"line":296,"column":18},"end":{"line":296,"column":39}},"139":{"start":{"line":300,"column":4},"end":{"line":300,"column":18}},"140":{"start":{"line":305,"column":19},"end":{"line":305,"column":22}},"141":{"start":{"line":310,"column":8},"end":{"line":317,"column":9}},"142":{"start":{"line":311,"column":27},"end":{"line":311,"column":68}},"143":{"start":{"line":313,"column":12},"end":{"line":313,"column":25}},"144":{"start":{"line":315,"column":12},"end":{"line":315,"column":31}},"145":{"start":{"line":316,"column":12},"end":{"line":316,"column":71}},"146":{"start":{"line":321,"column":26},"end":{"line":321,"column":67}},"147":{"start":{"line":323,"column":19},"end":{"line":323,"column":73}},"148":{"start":{"line":326,"column":27},"end":{"line":326,"column":54}},"149":{"start":{"line":329,"column":18},"end":{"line":329,"column":66}},"150":{"start":{"line":330,"column":19},"end":{"line":330,"column":47}},"151":{"start":{"line":332,"column":21},"end":{"line":332,"column":133}},"152":{"start":{"line":334,"column":18},"end":{"line":334,"column":39}},"153":{"start":{"line":339,"column":4},"end":{"line":339,"column":18}},"154":{"start":{"line":344,"column":30},"end":{"line":346,"column":5}},"155":{"start":{"line":345,"column":51},"end":{"line":345,"column":73}},"156":{"start":{"line":347,"column":4},"end":{"line":347,"column":36}},"157":{"start":{"line":349,"column":4},"end":{"line":349,"column":67}},"158":{"start":{"line":350,"column":4},"end":{"line":350,"column":67}},"159":{"start":{"line":351,"column":4},"end":{"line":351,"column":67}},"160":{"start":{"line":352,"column":4},"end":{"line":352,"column":67}},"161":{"start":{"line":354,"column":4},"end":{"line":354,"column":67}},"162":{"start":{"line":355,"column":4},"end":{"line":355,"column":67}},"163":{"start":{"line":356,"column":4},"end":{"line":356,"column":67}},"164":{"start":{"line":357,"column":4},"end":{"line":357,"column":66}},"165":{"start":{"line":359,"column":4},"end":{"line":359,"column":65}},"166":{"start":{"line":360,"column":4},"end":{"line":360,"column":67}},"167":{"start":{"line":361,"column":4},"end":{"line":361,"column":67}},"168":{"start":{"line":362,"column":4},"end":{"line":362,"column":67}},"169":{"start":{"line":364,"column":4},"end":{"line":364,"column":67}},"170":{"start":{"line":365,"column":4},"end":{"line":365,"column":67}},"171":{"start":{"line":366,"column":4},"end":{"line":366,"column":67}},"172":{"start":{"line":367,"column":4},"end":{"line":367,"column":67}},"173":{"start":{"line":369,"column":4},"end":{"line":369,"column":64}},"174":{"start":{"line":370,"column":4},"end":{"line":370,"column":67}},"175":{"start":{"line":371,"column":4},"end":{"line":371,"column":67}},"176":{"start":{"line":372,"column":4},"end":{"line":372,"column":66}},"177":{"start":{"line":374,"column":4},"end":{"line":374,"column":50}},"178":{"start":{"line":376,"column":4},"end":{"line":376,"column":31}},"179":{"start":{"line":381,"column":19},"end":{"line":381,"column":47}},"180":{"start":{"line":383,"column":21},"end":{"line":383,"column":134}},"181":{"start":{"line":385,"column":18},"end":{"line":385,"column":39}},"182":{"start":{"line":387,"column":4},"end":{"line":387,"column":59}},"183":{"start":{"line":388,"column":4},"end":{"line":388,"column":53}},"184":{"start":{"line":390,"column":0},"end":{"line":390,"column":14}},"185":{"start":{"line":394,"column":17},"end":{"line":394,"column":147}},"186":{"start":{"line":395,"column":24},"end":{"line":395,"column":129}},"187":{"start":{"line":396,"column":24},"end":{"line":396,"column":104}},"188":{"start":{"line":398,"column":18},"end":{"line":398,"column":33}},"189":{"start":{"line":399,"column":26},"end":{"line":399,"column":55}},"190":{"start":{"line":403,"column":23},"end":{"line":403,"column":40}},"191":{"start":{"line":404,"column":23},"end":{"line":404,"column":40}},"192":{"start":{"line":405,"column":23},"end":{"line":405,"column":40}},"193":{"start":{"line":406,"column":23},"end":{"line":406,"column":40}},"194":{"start":{"line":408,"column":33},"end":{"line":408,"column":126}},"195":{"start":{"line":409,"column":34},"end":{"line":409,"column":127}},"196":{"start":{"line":410,"column":34},"end":{"line":410,"column":127}},"197":{"start":{"line":411,"column":34},"end":{"line":411,"column":127}},"198":{"start":{"line":412,"column":26},"end":{"line":412,"column":126}},"199":{"start":{"line":414,"column":33},"end":{"line":414,"column":105}},"200":{"start":{"line":415,"column":34},"end":{"line":415,"column":106}},"201":{"start":{"line":416,"column":34},"end":{"line":416,"column":106}},"202":{"start":{"line":417,"column":34},"end":{"line":417,"column":106}},"203":{"start":{"line":419,"column":26},"end":{"line":419,"column":126}},"204":{"start":{"line":424,"column":28},"end":{"line":424,"column":57}},"205":{"start":{"line":425,"column":27},"end":{"line":425,"column":56}},"206":{"start":{"line":430,"column":24},"end":{"line":430,"column":41}},"207":{"start":{"line":431,"column":25},"end":{"line":431,"column":42}},"208":{"start":{"line":432,"column":23},"end":{"line":432,"column":40}},"209":{"start":{"line":433,"column":23},"end":{"line":433,"column":40}},"210":{"start":{"line":435,"column":25},"end":{"line":435,"column":41}},"211":{"start":{"line":436,"column":26},"end":{"line":436,"column":43}},"212":{"start":{"line":437,"column":24},"end":{"line":437,"column":41}},"213":{"start":{"line":438,"column":24},"end":{"line":438,"column":41}},"214":{"start":{"line":440,"column":34},"end":{"line":440,"column":122}},"215":{"start":{"line":441,"column":32},"end":{"line":441,"column":114}},"216":{"start":{"line":443,"column":35},"end":{"line":443,"column":127}},"217":{"start":{"line":444,"column":33},"end":{"line":444,"column":119}},"218":{"start":{"line":446,"column":31},"end":{"line":446,"column":76}},"219":{"start":{"line":447,"column":32},"end":{"line":447,"column":79}},"220":{"start":{"line":448,"column":26},"end":{"line":448,"column":72}},"221":{"start":{"line":452,"column":19},"end":{"line":457,"column":5}},"222":{"start":{"line":459,"column":4},"end":{"line":459,"column":19}},"223":{"start":{"line":462,"column":0},"end":{"line":475,"column":1}}},"fnMap":{"0":{"name":"filter","decl":{"start":{"line":14,"column":9},"end":{"line":14,"column":15}},"loc":{"start":{"line":14,"column":86},"end":{"line":65,"column":1}},"line":14},"1":{"name":"merge","decl":{"start":{"line":70,"column":9},"end":{"line":70,"column":14}},"loc":{"start":{"line":70,"column":27},"end":{"line":81,"column":1}},"line":70},"2":{"name":"mergesort","decl":{"start":{"line":86,"column":9},"end":{"line":86,"column":18}},"loc":{"start":{"line":86,"column":25},"end":{"line":96,"column":1}},"line":86},"3":{"name":"euclideandistance","decl":{"start":{"line":104,"column":9},"end":{"line":104,"column":26}},"loc":{"start":{"line":104,"column":45},"end":{"line":106,"column":1}},"line":104},"4":{"name":"glassesToUserDataCalc","decl":{"start":{"line":112,"column":9},"end":{"line":112,"column":30}},"loc":{"start":{"line":112,"column":54},"end":{"line":121,"column":1}},"line":112},"5":{"name":"glassesDataReturn","decl":{"start":{"line":128,"column":9},"end":{"line":128,"column":26}},"loc":{"start":{"line":128,"column":134},"end":{"line":154,"column":1}},"line":128},"6":{"name":"calculateUserData","decl":{"start":{"line":158,"column":9},"end":{"line":158,"column":26}},"loc":{"start":{"line":158,"column":37},"end":{"line":227,"column":1}},"line":158},"7":{"name":"uploadImageTest","decl":{"start":{"line":228,"column":15},"end":{"line":228,"column":30}},"loc":{"start":{"line":228,"column":41},"end":{"line":257,"column":1}},"line":228},"8":{"name":"setEndpoint","decl":{"start":{"line":230,"column":19},"end":{"line":230,"column":30}},"loc":{"start":{"line":230,"column":40},"end":{"line":239,"column":5}},"line":230},"9":{"name":"facelandmark","decl":{"start":{"line":260,"column":15},"end":{"line":260,"column":27}},"loc":{"start":{"line":260,"column":66},"end":{"line":301,"column":1}},"line":260},"10":{"name":"setEndpoint","decl":{"start":{"line":262,"column":19},"end":{"line":262,"column":30}},"loc":{"start":{"line":262,"column":40},"end":{"line":271,"column":5}},"line":262},"11":{"name":"facelandmarkURL","decl":{"start":{"line":303,"column":15},"end":{"line":303,"column":30}},"loc":{"start":{"line":303,"column":63},"end":{"line":340,"column":1}},"line":303},"12":{"name":"setEndpoint","decl":{"start":{"line":309,"column":19},"end":{"line":309,"column":30}},"loc":{"start":{"line":309,"column":41},"end":{"line":318,"column":5}},"line":309},"13":{"name":"tranformToGoogle","decl":{"start":{"line":342,"column":9},"end":{"line":342,"column":25}},"loc":{"start":{"line":342,"column":39},"end":{"line":377,"column":1}},"line":342},"14":{"name":"(anonymous_14)","decl":{"start":{"line":345,"column":45},"end":{"line":345,"column":46}},"loc":{"start":{"line":345,"column":50},"end":{"line":345,"column":74}},"line":345},"15":{"name":"facemesh","decl":{"start":{"line":378,"column":9},"end":{"line":378,"column":17}},"loc":{"start":{"line":378,"column":55},"end":{"line":391,"column":1}},"line":378},"16":{"name":"facemeshTest","decl":{"start":{"line":393,"column":9},"end":{"line":393,"column":21}},"loc":{"start":{"line":393,"column":35},"end":{"line":460,"column":1}},"line":393}},"branchMap":{"0":{"loc":{"start":{"line":14,"column":31},"end":{"line":14,"column":42}},"type":"default-arg","locations":[{"start":{"line":14,"column":38},"end":{"line":14,"column":42}}],"line":14},"1":{"loc":{"start":{"line":14,"column":44},"end":{"line":14,"column":57}},"type":"default-arg","locations":[{"start":{"line":14,"column":53},"end":{"line":14,"column":57}}],"line":14},"2":{"loc":{"start":{"line":14,"column":59},"end":{"line":14,"column":71}},"type":"default-arg","locations":[{"start":{"line":14,"column":67},"end":{"line":14,"column":71}}],"line":14},"3":{"loc":{"start":{"line":14,"column":73},"end":{"line":14,"column":85}},"type":"default-arg","locations":[{"start":{"line":14,"column":81},"end":{"line":14,"column":85}}],"line":14},"4":{"loc":{"start":{"line":15,"column":4},"end":{"line":25,"column":5}},"type":"if","locations":[{"start":{"line":15,"column":4},"end":{"line":25,"column":5}},{"start":{},"end":{}}],"line":15},"5":{"loc":{"start":{"line":17,"column":12},"end":{"line":23,"column":13}},"type":"if","locations":[{"start":{"line":17,"column":12},"end":{"line":23,"column":13}},{"start":{},"end":{}}],"line":17},"6":{"loc":{"start":{"line":19,"column":20},"end":{"line":21,"column":21}},"type":"if","locations":[{"start":{"line":19,"column":20},"end":{"line":21,"column":21}},{"start":{},"end":{}}],"line":19},"7":{"loc":{"start":{"line":26,"column":4},"end":{"line":40,"column":5}},"type":"if","locations":[{"start":{"line":26,"column":4},"end":{"line":40,"column":5}},{"start":{},"end":{}}],"line":26},"8":{"loc":{"start":{"line":29,"column":12},"end":{"line":35,"column":13}},"type":"if","locations":[{"start":{"line":29,"column":12},"end":{"line":35,"column":13}},{"start":{},"end":{}}],"line":29},"9":{"loc":{"start":{"line":31,"column":20},"end":{"line":33,"column":21}},"type":"if","locations":[{"start":{"line":31,"column":20},"end":{"line":33,"column":21}},{"start":{},"end":{}}],"line":31},"10":{"loc":{"start":{"line":37,"column":8},"end":{"line":39,"column":9}},"type":"if","locations":[{"start":{"line":37,"column":8},"end":{"line":39,"column":9}},{"start":{},"end":{}}],"line":37},"11":{"loc":{"start":{"line":41,"column":4},"end":{"line":52,"column":5}},"type":"if","locations":[{"start":{"line":41,"column":4},"end":{"line":52,"column":5}},{"start":{},"end":{}}],"line":41},"12":{"loc":{"start":{"line":43,"column":12},"end":{"line":50,"column":13}},"type":"if","locations":[{"start":{"line":43,"column":12},"end":{"line":50,"column":13}},{"start":{},"end":{}}],"line":43},"13":{"loc":{"start":{"line":46,"column":20},"end":{"line":48,"column":21}},"type":"if","locations":[{"start":{"line":46,"column":20},"end":{"line":48,"column":21}},{"start":{},"end":{}}],"line":46},"14":{"loc":{"start":{"line":53,"column":4},"end":{"line":63,"column":5}},"type":"if","locations":[{"start":{"line":53,"column":4},"end":{"line":63,"column":5}},{"start":{},"end":{}}],"line":53},"15":{"loc":{"start":{"line":55,"column":12},"end":{"line":61,"column":13}},"type":"if","locations":[{"start":{"line":55,"column":12},"end":{"line":61,"column":13}},{"start":{},"end":{}}],"line":55},"16":{"loc":{"start":{"line":57,"column":20},"end":{"line":59,"column":21}},"type":"if","locations":[{"start":{"line":57,"column":20},"end":{"line":59,"column":21}},{"start":{},"end":{}}],"line":57},"17":{"loc":{"start":{"line":73,"column":14},"end":{"line":73,"column":41}},"type":"binary-expr","locations":[{"start":{"line":73,"column":14},"end":{"line":73,"column":25}},{"start":{"line":73,"column":29},"end":{"line":73,"column":41}}],"line":73},"18":{"loc":{"start":{"line":74,"column":12},"end":{"line":78,"column":13}},"type":"if","locations":[{"start":{"line":74,"column":12},"end":{"line":78,"column":13}},{"start":{"line":76,"column":17},"end":{"line":78,"column":13}}],"line":74},"19":{"loc":{"start":{"line":88,"column":4},"end":{"line":90,"column":5}},"type":"if","locations":[{"start":{"line":88,"column":4},"end":{"line":90,"column":5}},{"start":{},"end":{}}],"line":88},"20":{"loc":{"start":{"line":113,"column":4},"end":{"line":115,"column":5}},"type":"if","locations":[{"start":{"line":113,"column":4},"end":{"line":115,"column":5}},{"start":{},"end":{}}],"line":113},"21":{"loc":{"start":{"line":128,"column":50},"end":{"line":128,"column":67}},"type":"default-arg","locations":[{"start":{"line":128,"column":63},"end":{"line":128,"column":67}}],"line":128},"22":{"loc":{"start":{"line":128,"column":69},"end":{"line":128,"column":88}},"type":"default-arg","locations":[{"start":{"line":128,"column":84},"end":{"line":128,"column":88}}],"line":128},"23":{"loc":{"start":{"line":128,"column":90},"end":{"line":128,"column":108}},"type":"default-arg","locations":[{"start":{"line":128,"column":104},"end":{"line":128,"column":108}}],"line":128},"24":{"loc":{"start":{"line":128,"column":110},"end":{"line":128,"column":128}},"type":"default-arg","locations":[{"start":{"line":128,"column":124},"end":{"line":128,"column":128}}],"line":128},"25":{"loc":{"start":{"line":128,"column":130},"end":{"line":128,"column":133}},"type":"default-arg","locations":[{"start":{"line":128,"column":132},"end":{"line":128,"column":133}}],"line":128},"26":{"loc":{"start":{"line":132,"column":8},"end":{"line":150,"column":9}},"type":"if","locations":[{"start":{"line":132,"column":8},"end":{"line":150,"column":9}},{"start":{},"end":{}}],"line":132},"27":{"loc":{"start":{"line":134,"column":12},"end":{"line":149,"column":13}},"type":"if","locations":[{"start":{"line":134,"column":12},"end":{"line":149,"column":13}},{"start":{"line":136,"column":17},"end":{"line":149,"column":13}}],"line":134},"28":{"loc":{"start":{"line":141,"column":20},"end":{"line":144,"column":21}},"type":"if","locations":[{"start":{"line":141,"column":20},"end":{"line":144,"column":21}},{"start":{},"end":{}}],"line":141},"29":{"loc":{"start":{"line":146,"column":16},"end":{"line":148,"column":17}},"type":"if","locations":[{"start":{"line":146,"column":16},"end":{"line":148,"column":17}},{"start":{},"end":{}}],"line":146}},"s":{"0":1,"1":1,"2":1,"3":49,"4":7,"5":7,"6":7,"7":11,"8":4,"9":45,"10":6,"11":6,"12":6,"13":6,"14":12,"15":4,"16":6,"17":2,"18":43,"19":5,"20":5,"21":5,"22":5,"23":1,"24":42,"25":6,"26":11,"27":11,"28":11,"29":2,"30":40,"31":18,"32":18,"33":31,"34":7,"35":24,"36":18,"37":36,"38":20,"39":16,"40":16,"41":16,"42":16,"43":23,"44":24,"45":0,"46":24,"47":24,"48":24,"49":96,"50":24,"51":3,"52":3,"53":3,"54":21,"55":21,"56":21,"57":21,"58":9,"59":12,"60":12,"61":12,"62":12,"63":24,"64":11,"65":11,"66":12,"67":8,"68":3,"69":2,"70":2,"71":2,"72":2,"73":2,"74":2,"75":2,"76":2,"77":2,"78":2,"79":2,"80":2,"81":2,"82":2,"83":2,"84":2,"85":2,"86":2,"87":2,"88":2,"89":2,"90":2,"91":2,"92":2,"93":2,"94":2,"95":2,"96":2,"97":2,"98":2,"99":2,"100":2,"101":2,"102":2,"103":2,"104":2,"105":2,"106":2,"107":2,"108":2,"109":2,"110":2,"111":2,"112":2,"113":0,"114":0,"115":0,"116":0,"117":0,"118":0,"119":0,"120":0,"121":0,"122":0,"123":0,"124":1,"125":1,"126":1,"127":0,"128":0,"129":1,"130":1,"131":1,"132":1,"133":1,"134":1,"135":1,"136":1,"137":1,"138":1,"139":1,"140":1,"141":1,"142":1,"143":1,"144":0,"145":0,"146":1,"147":1,"148":1,"149":1,"150":1,"151":1,"152":1,"153":1,"154":0,"155":0,"156":0,"157":0,"158":0,"159":0,"160":0,"161":0,"162":0,"163":0,"164":0,"165":0,"166":0,"167":0,"168":0,"169":0,"170":0,"171":0,"172":0,"173":0,"174":0,"175":0,"176":0,"177":0,"178":0,"179":0,"180":0,"181":0,"182":0,"183":0,"184":0,"185":0,"186":0,"187":0,"188":0,"189":0,"190":0,"191":0,"192":0,"193":0,"194":0,"195":0,"196":0,"197":0,"198":0,"199":0,"200":0,"201":0,"202":0,"203":0,"204":0,"205":0,"206":0,"207":0,"208":0,"209":0,"210":0,"211":0,"212":0,"213":0,"214":0,"215":0,"216":0,"217":0,"218":0,"219":0,"220":0,"221":0,"222":0,"223":1},"f":{"0":49,"1":18,"2":36,"3":23,"4":24,"5":3,"6":2,"7":0,"8":0,"9":1,"10":1,"11":1,"12":1,"13":0,"14":0,"15":0,"16":0},"b":{"0":[10],"1":[10],"2":[10],"3":[10],"4":[7,42],"5":[7,0],"6":[4,7],"7":[6,39],"8":[6,0],"9":[4,8],"10":[2,4],"11":[5,38],"12":[5,0],"13":[1,4],"14":[6,36],"15":[11,0],"16":[2,9],"17":[49,43],"18":[7,24],"19":[20,16],"20":[0,24],"21":[1],"22":[1],"23":[1],"24":[1],"25":[3],"26":[21,0],"27":[9,12],"28":[11,13],"29":[8,4]},"_coverageSchema":"1a1c01bbd47fc00a2c39e90264f33305004495a9","hash":"b964939afd9a3d1480fcf2e3620062658c9eb93d"}
}
