{"C:\\Users\\adria\\Documents\\Programming\\InceptionU\\project3\\project3\\server\\db\\models\\faceDetectionCalc.js": {"path":"C:\\Users\\adria\\Documents\\Programming\\InceptionU\\project3\\project3\\server\\db\\models\\faceDetectionCalc.js","statementMap":{"0":{"start":{"line":1,"column":15},"end":{"line":1,"column":46}},"1":{"start":{"line":2,"column":15},"end":{"line":2,"column":36}},"2":{"start":{"line":4,"column":13},"end":{"line":9,"column":1}},"3":{"start":{"line":15,"column":4},"end":{"line":25,"column":5}},"4":{"start":{"line":16,"column":8},"end":{"line":24,"column":9}},"5":{"start":{"line":17,"column":12},"end":{"line":23,"column":13}},"6":{"start":{"line":18,"column":16},"end":{"line":22,"column":17}},"7":{"start":{"line":19,"column":20},"end":{"line":21,"column":21}},"8":{"start":{"line":20,"column":24},"end":{"line":20,"column":36}},"9":{"start":{"line":26,"column":4},"end":{"line":40,"column":5}},"10":{"start":{"line":27,"column":19},"end":{"line":27,"column":24}},"11":{"start":{"line":28,"column":8},"end":{"line":36,"column":9}},"12":{"start":{"line":29,"column":12},"end":{"line":35,"column":13}},"13":{"start":{"line":30,"column":16},"end":{"line":34,"column":17}},"14":{"start":{"line":31,"column":20},"end":{"line":33,"column":21}},"15":{"start":{"line":32,"column":24},"end":{"line":32,"column":35}},"16":{"start":{"line":37,"column":8},"end":{"line":39,"column":9}},"17":{"start":{"line":38,"column":12},"end":{"line":38,"column":24}},"18":{"start":{"line":41,"column":4},"end":{"line":52,"column":5}},"19":{"start":{"line":42,"column":8},"end":{"line":51,"column":9}},"20":{"start":{"line":43,"column":12},"end":{"line":50,"column":13}},"21":{"start":{"line":44,"column":16},"end":{"line":49,"column":17}},"22":{"start":{"line":46,"column":20},"end":{"line":48,"column":21}},"23":{"start":{"line":47,"column":24},"end":{"line":47,"column":36}},"24":{"start":{"line":53,"column":4},"end":{"line":63,"column":5}},"25":{"start":{"line":54,"column":8},"end":{"line":62,"column":9}},"26":{"start":{"line":55,"column":12},"end":{"line":61,"column":13}},"27":{"start":{"line":56,"column":16},"end":{"line":60,"column":17}},"28":{"start":{"line":57,"column":20},"end":{"line":59,"column":21}},"29":{"start":{"line":58,"column":24},"end":{"line":58,"column":36}},"30":{"start":{"line":64,"column":4},"end":{"line":64,"column":15}},"31":{"start":{"line":71,"column":16},"end":{"line":71,"column":18}},"32":{"start":{"line":73,"column":8},"end":{"line":79,"column":9}},"33":{"start":{"line":74,"column":12},"end":{"line":78,"column":13}},"34":{"start":{"line":75,"column":16},"end":{"line":75,"column":42}},"35":{"start":{"line":77,"column":16},"end":{"line":77,"column":43}},"36":{"start":{"line":80,"column":4},"end":{"line":80,"column":42}},"37":{"start":{"line":88,"column":4},"end":{"line":90,"column":5}},"38":{"start":{"line":89,"column":8},"end":{"line":89,"column":20}},"39":{"start":{"line":91,"column":14},"end":{"line":91,"column":42}},"40":{"start":{"line":92,"column":15},"end":{"line":92,"column":34}},"41":{"start":{"line":93,"column":16},"end":{"line":93,"column":32}},"42":{"start":{"line":95,"column":4},"end":{"line":95,"column":51}},"43":{"start":{"line":105,"column":4},"end":{"line":105,"column":55}},"44":{"start":{"line":113,"column":4},"end":{"line":115,"column":5}},"45":{"start":{"line":114,"column":8},"end":{"line":114,"column":61}},"46":{"start":{"line":116,"column":14},"end":{"line":116,"column":15}},"47":{"start":{"line":117,"column":4},"end":{"line":119,"column":5}},"48":{"start":{"line":117,"column":14},"end":{"line":117,"column":15}},"49":{"start":{"line":118,"column":8},"end":{"line":118,"column":50}},"50":{"start":{"line":120,"column":4},"end":{"line":120,"column":25}},"51":{"start":{"line":129,"column":18},"end":{"line":129,"column":20}},"52":{"start":{"line":130,"column":4},"end":{"line":151,"column":5}},"53":{"start":{"line":130,"column":14},"end":{"line":130,"column":15}},"54":{"start":{"line":131,"column":22},"end":{"line":131,"column":133}},"55":{"start":{"line":132,"column":8},"end":{"line":150,"column":9}},"56":{"start":{"line":133,"column":25},"end":{"line":133,"column":67}},"57":{"start":{"line":134,"column":12},"end":{"line":149,"column":13}},"58":{"start":{"line":135,"column":16},"end":{"line":135,"column":58}},"59":{"start":{"line":137,"column":34},"end":{"line":137,"column":35}},"60":{"start":{"line":138,"column":24},"end":{"line":138,"column":37}},"61":{"start":{"line":140,"column":16},"end":{"line":145,"column":17}},"62":{"start":{"line":140,"column":26},"end":{"line":140,"column":27}},"63":{"start":{"line":141,"column":20},"end":{"line":144,"column":21}},"64":{"start":{"line":142,"column":24},"end":{"line":142,"column":38}},"65":{"start":{"line":143,"column":24},"end":{"line":143,"column":42}},"66":{"start":{"line":146,"column":16},"end":{"line":148,"column":17}},"67":{"start":{"line":147,"column":20},"end":{"line":147,"column":69}},"68":{"start":{"line":153,"column":4},"end":{"line":153,"column":18}},"69":{"start":{"line":159,"column":4},"end":{"line":159,"column":30}},"70":{"start":{"line":161,"column":23},"end":{"line":161,"column":45}},"71":{"start":{"line":162,"column":26},"end":{"line":162,"column":48}},"72":{"start":{"line":163,"column":32},"end":{"line":163,"column":54}},"73":{"start":{"line":164,"column":31},"end":{"line":164,"column":53}},"74":{"start":{"line":166,"column":25},"end":{"line":166,"column":47}},"75":{"start":{"line":167,"column":27},"end":{"line":167,"column":49}},"76":{"start":{"line":168,"column":33},"end":{"line":168,"column":55}},"77":{"start":{"line":169,"column":32},"end":{"line":169,"column":54}},"78":{"start":{"line":171,"column":32},"end":{"line":171,"column":53}},"79":{"start":{"line":172,"column":24},"end":{"line":172,"column":46}},"80":{"start":{"line":173,"column":27},"end":{"line":173,"column":49}},"81":{"start":{"line":174,"column":28},"end":{"line":174,"column":50}},"82":{"start":{"line":176,"column":28},"end":{"line":176,"column":50}},"83":{"start":{"line":177,"column":29},"end":{"line":177,"column":51}},"84":{"start":{"line":178,"column":27},"end":{"line":178,"column":49}},"85":{"start":{"line":179,"column":28},"end":{"line":179,"column":50}},"86":{"start":{"line":181,"column":19},"end":{"line":181,"column":40}},"87":{"start":{"line":182,"column":28},"end":{"line":182,"column":50}},"88":{"start":{"line":183,"column":27},"end":{"line":183,"column":49}},"89":{"start":{"line":184,"column":29},"end":{"line":184,"column":51}},"90":{"start":{"line":186,"column":20},"end":{"line":186,"column":41}},"91":{"start":{"line":187,"column":20},"end":{"line":187,"column":41}},"92":{"start":{"line":188,"column":21},"end":{"line":188,"column":43}},"93":{"start":{"line":189,"column":22},"end":{"line":189,"column":44}},"94":{"start":{"line":190,"column":23},"end":{"line":190,"column":45}},"95":{"start":{"line":192,"column":27},"end":{"line":192,"column":49}},"96":{"start":{"line":195,"column":21},"end":{"line":195,"column":142}},"97":{"start":{"line":196,"column":23},"end":{"line":196,"column":186}},"98":{"start":{"line":197,"column":22},"end":{"line":197,"column":149}},"99":{"start":{"line":198,"column":24},"end":{"line":198,"column":193}},"100":{"start":{"line":199,"column":34},"end":{"line":199,"column":63}},"101":{"start":{"line":200,"column":33},"end":{"line":200,"column":60}},"102":{"start":{"line":201,"column":34},"end":{"line":201,"column":88}},"103":{"start":{"line":203,"column":27},"end":{"line":203,"column":166}},"104":{"start":{"line":204,"column":30},"end":{"line":204,"column":172}},"105":{"start":{"line":205,"column":36},"end":{"line":205,"column":76}},"106":{"start":{"line":207,"column":27},"end":{"line":207,"column":172}},"107":{"start":{"line":208,"column":24},"end":{"line":208,"column":163}},"108":{"start":{"line":209,"column":30},"end":{"line":209,"column":64}},"109":{"start":{"line":211,"column":30},"end":{"line":211,"column":169}},"110":{"start":{"line":212,"column":29},"end":{"line":212,"column":147}},"111":{"start":{"line":213,"column":31},"end":{"line":213,"column":73}},"112":{"start":{"line":226,"column":4},"end":{"line":226,"column":120}},"113":{"start":{"line":233,"column":8},"end":{"line":240,"column":9}},"114":{"start":{"line":234,"column":27},"end":{"line":234,"column":62}},"115":{"start":{"line":236,"column":12},"end":{"line":236,"column":25}},"116":{"start":{"line":238,"column":12},"end":{"line":238,"column":31}},"117":{"start":{"line":239,"column":12},"end":{"line":239,"column":71}},"118":{"start":{"line":243,"column":19},"end":{"line":243,"column":58}},"119":{"start":{"line":245,"column":26},"end":{"line":245,"column":35}},"120":{"start":{"line":247,"column":25},"end":{"line":247,"column":72}},"121":{"start":{"line":248,"column":20},"end":{"line":252,"column":5}},"122":{"start":{"line":257,"column":28},"end":{"line":257,"column":45}},"123":{"start":{"line":259,"column":27},"end":{"line":259,"column":53}},"124":{"start":{"line":261,"column":18},"end":{"line":261,"column":66}},"125":{"start":{"line":262,"column":19},"end":{"line":262,"column":47}},"126":{"start":{"line":264,"column":21},"end":{"line":264,"column":133}},"127":{"start":{"line":266,"column":18},"end":{"line":266,"column":39}},"128":{"start":{"line":270,"column":4},"end":{"line":270,"column":18}},"129":{"start":{"line":275,"column":19},"end":{"line":275,"column":22}},"130":{"start":{"line":280,"column":8},"end":{"line":287,"column":9}},"131":{"start":{"line":281,"column":27},"end":{"line":281,"column":68}},"132":{"start":{"line":283,"column":12},"end":{"line":283,"column":25}},"133":{"start":{"line":285,"column":12},"end":{"line":285,"column":31}},"134":{"start":{"line":286,"column":12},"end":{"line":286,"column":71}},"135":{"start":{"line":291,"column":26},"end":{"line":291,"column":67}},"136":{"start":{"line":293,"column":19},"end":{"line":293,"column":73}},"137":{"start":{"line":296,"column":27},"end":{"line":296,"column":54}},"138":{"start":{"line":299,"column":18},"end":{"line":299,"column":66}},"139":{"start":{"line":300,"column":19},"end":{"line":300,"column":47}},"140":{"start":{"line":302,"column":21},"end":{"line":302,"column":133}},"141":{"start":{"line":304,"column":18},"end":{"line":304,"column":39}},"142":{"start":{"line":309,"column":4},"end":{"line":309,"column":18}},"143":{"start":{"line":314,"column":30},"end":{"line":316,"column":5}},"144":{"start":{"line":315,"column":51},"end":{"line":315,"column":73}},"145":{"start":{"line":317,"column":4},"end":{"line":317,"column":36}},"146":{"start":{"line":319,"column":4},"end":{"line":319,"column":67}},"147":{"start":{"line":320,"column":4},"end":{"line":320,"column":67}},"148":{"start":{"line":321,"column":4},"end":{"line":321,"column":67}},"149":{"start":{"line":322,"column":4},"end":{"line":322,"column":67}},"150":{"start":{"line":324,"column":4},"end":{"line":324,"column":67}},"151":{"start":{"line":325,"column":4},"end":{"line":325,"column":67}},"152":{"start":{"line":326,"column":4},"end":{"line":326,"column":67}},"153":{"start":{"line":327,"column":4},"end":{"line":327,"column":66}},"154":{"start":{"line":329,"column":4},"end":{"line":329,"column":65}},"155":{"start":{"line":330,"column":4},"end":{"line":330,"column":67}},"156":{"start":{"line":331,"column":4},"end":{"line":331,"column":67}},"157":{"start":{"line":332,"column":4},"end":{"line":332,"column":67}},"158":{"start":{"line":334,"column":4},"end":{"line":334,"column":67}},"159":{"start":{"line":335,"column":4},"end":{"line":335,"column":67}},"160":{"start":{"line":336,"column":4},"end":{"line":336,"column":67}},"161":{"start":{"line":337,"column":4},"end":{"line":337,"column":67}},"162":{"start":{"line":339,"column":4},"end":{"line":339,"column":64}},"163":{"start":{"line":340,"column":4},"end":{"line":340,"column":67}},"164":{"start":{"line":341,"column":4},"end":{"line":341,"column":67}},"165":{"start":{"line":342,"column":4},"end":{"line":342,"column":66}},"166":{"start":{"line":344,"column":4},"end":{"line":344,"column":50}},"167":{"start":{"line":346,"column":4},"end":{"line":346,"column":31}},"168":{"start":{"line":351,"column":19},"end":{"line":351,"column":47}},"169":{"start":{"line":353,"column":21},"end":{"line":353,"column":134}},"170":{"start":{"line":355,"column":18},"end":{"line":355,"column":39}},"171":{"start":{"line":357,"column":4},"end":{"line":357,"column":59}},"172":{"start":{"line":358,"column":4},"end":{"line":358,"column":53}},"173":{"start":{"line":360,"column":0},"end":{"line":360,"column":14}},"174":{"start":{"line":364,"column":0},"end":{"line":376,"column":1}}},"fnMap":{"0":{"name":"filter","decl":{"start":{"line":14,"column":9},"end":{"line":14,"column":15}},"loc":{"start":{"line":14,"column":86},"end":{"line":65,"column":1}},"line":14},"1":{"name":"merge","decl":{"start":{"line":70,"column":9},"end":{"line":70,"column":14}},"loc":{"start":{"line":70,"column":27},"end":{"line":81,"column":1}},"line":70},"2":{"name":"mergesort","decl":{"start":{"line":86,"column":9},"end":{"line":86,"column":18}},"loc":{"start":{"line":86,"column":25},"end":{"line":96,"column":1}},"line":86},"3":{"name":"euclideandistance","decl":{"start":{"line":104,"column":9},"end":{"line":104,"column":26}},"loc":{"start":{"line":104,"column":45},"end":{"line":106,"column":1}},"line":104},"4":{"name":"glassesToUserDataCalc","decl":{"start":{"line":112,"column":9},"end":{"line":112,"column":30}},"loc":{"start":{"line":112,"column":54},"end":{"line":121,"column":1}},"line":112},"5":{"name":"glassesDataReturn","decl":{"start":{"line":128,"column":9},"end":{"line":128,"column":26}},"loc":{"start":{"line":128,"column":134},"end":{"line":154,"column":1}},"line":128},"6":{"name":"calculateUserData","decl":{"start":{"line":158,"column":9},"end":{"line":158,"column":26}},"loc":{"start":{"line":158,"column":37},"end":{"line":227,"column":1}},"line":158},"7":{"name":"facelandmark","decl":{"start":{"line":230,"column":15},"end":{"line":230,"column":27}},"loc":{"start":{"line":230,"column":66},"end":{"line":271,"column":1}},"line":230},"8":{"name":"setEndpoint","decl":{"start":{"line":232,"column":19},"end":{"line":232,"column":30}},"loc":{"start":{"line":232,"column":40},"end":{"line":241,"column":5}},"line":232},"9":{"name":"facelandmarkURL","decl":{"start":{"line":273,"column":15},"end":{"line":273,"column":30}},"loc":{"start":{"line":273,"column":63},"end":{"line":310,"column":1}},"line":273},"10":{"name":"setEndpoint","decl":{"start":{"line":279,"column":19},"end":{"line":279,"column":30}},"loc":{"start":{"line":279,"column":41},"end":{"line":288,"column":5}},"line":279},"11":{"name":"tranformToGoogle","decl":{"start":{"line":312,"column":9},"end":{"line":312,"column":25}},"loc":{"start":{"line":312,"column":39},"end":{"line":347,"column":1}},"line":312},"12":{"name":"(anonymous_12)","decl":{"start":{"line":315,"column":45},"end":{"line":315,"column":46}},"loc":{"start":{"line":315,"column":50},"end":{"line":315,"column":74}},"line":315},"13":{"name":"facemesh","decl":{"start":{"line":348,"column":9},"end":{"line":348,"column":17}},"loc":{"start":{"line":348,"column":55},"end":{"line":361,"column":1}},"line":348}},"branchMap":{"0":{"loc":{"start":{"line":14,"column":31},"end":{"line":14,"column":42}},"type":"default-arg","locations":[{"start":{"line":14,"column":38},"end":{"line":14,"column":42}}],"line":14},"1":{"loc":{"start":{"line":14,"column":44},"end":{"line":14,"column":57}},"type":"default-arg","locations":[{"start":{"line":14,"column":53},"end":{"line":14,"column":57}}],"line":14},"2":{"loc":{"start":{"line":14,"column":59},"end":{"line":14,"column":71}},"type":"default-arg","locations":[{"start":{"line":14,"column":67},"end":{"line":14,"column":71}}],"line":14},"3":{"loc":{"start":{"line":14,"column":73},"end":{"line":14,"column":85}},"type":"default-arg","locations":[{"start":{"line":14,"column":81},"end":{"line":14,"column":85}}],"line":14},"4":{"loc":{"start":{"line":15,"column":4},"end":{"line":25,"column":5}},"type":"if","locations":[{"start":{"line":15,"column":4},"end":{"line":25,"column":5}},{"start":{},"end":{}}],"line":15},"5":{"loc":{"start":{"line":17,"column":12},"end":{"line":23,"column":13}},"type":"if","locations":[{"start":{"line":17,"column":12},"end":{"line":23,"column":13}},{"start":{},"end":{}}],"line":17},"6":{"loc":{"start":{"line":19,"column":20},"end":{"line":21,"column":21}},"type":"if","locations":[{"start":{"line":19,"column":20},"end":{"line":21,"column":21}},{"start":{},"end":{}}],"line":19},"7":{"loc":{"start":{"line":26,"column":4},"end":{"line":40,"column":5}},"type":"if","locations":[{"start":{"line":26,"column":4},"end":{"line":40,"column":5}},{"start":{},"end":{}}],"line":26},"8":{"loc":{"start":{"line":29,"column":12},"end":{"line":35,"column":13}},"type":"if","locations":[{"start":{"line":29,"column":12},"end":{"line":35,"column":13}},{"start":{},"end":{}}],"line":29},"9":{"loc":{"start":{"line":31,"column":20},"end":{"line":33,"column":21}},"type":"if","locations":[{"start":{"line":31,"column":20},"end":{"line":33,"column":21}},{"start":{},"end":{}}],"line":31},"10":{"loc":{"start":{"line":37,"column":8},"end":{"line":39,"column":9}},"type":"if","locations":[{"start":{"line":37,"column":8},"end":{"line":39,"column":9}},{"start":{},"end":{}}],"line":37},"11":{"loc":{"start":{"line":41,"column":4},"end":{"line":52,"column":5}},"type":"if","locations":[{"start":{"line":41,"column":4},"end":{"line":52,"column":5}},{"start":{},"end":{}}],"line":41},"12":{"loc":{"start":{"line":43,"column":12},"end":{"line":50,"column":13}},"type":"if","locations":[{"start":{"line":43,"column":12},"end":{"line":50,"column":13}},{"start":{},"end":{}}],"line":43},"13":{"loc":{"start":{"line":46,"column":20},"end":{"line":48,"column":21}},"type":"if","locations":[{"start":{"line":46,"column":20},"end":{"line":48,"column":21}},{"start":{},"end":{}}],"line":46},"14":{"loc":{"start":{"line":53,"column":4},"end":{"line":63,"column":5}},"type":"if","locations":[{"start":{"line":53,"column":4},"end":{"line":63,"column":5}},{"start":{},"end":{}}],"line":53},"15":{"loc":{"start":{"line":55,"column":12},"end":{"line":61,"column":13}},"type":"if","locations":[{"start":{"line":55,"column":12},"end":{"line":61,"column":13}},{"start":{},"end":{}}],"line":55},"16":{"loc":{"start":{"line":57,"column":20},"end":{"line":59,"column":21}},"type":"if","locations":[{"start":{"line":57,"column":20},"end":{"line":59,"column":21}},{"start":{},"end":{}}],"line":57},"17":{"loc":{"start":{"line":73,"column":14},"end":{"line":73,"column":41}},"type":"binary-expr","locations":[{"start":{"line":73,"column":14},"end":{"line":73,"column":25}},{"start":{"line":73,"column":29},"end":{"line":73,"column":41}}],"line":73},"18":{"loc":{"start":{"line":74,"column":12},"end":{"line":78,"column":13}},"type":"if","locations":[{"start":{"line":74,"column":12},"end":{"line":78,"column":13}},{"start":{"line":76,"column":17},"end":{"line":78,"column":13}}],"line":74},"19":{"loc":{"start":{"line":88,"column":4},"end":{"line":90,"column":5}},"type":"if","locations":[{"start":{"line":88,"column":4},"end":{"line":90,"column":5}},{"start":{},"end":{}}],"line":88},"20":{"loc":{"start":{"line":113,"column":4},"end":{"line":115,"column":5}},"type":"if","locations":[{"start":{"line":113,"column":4},"end":{"line":115,"column":5}},{"start":{},"end":{}}],"line":113},"21":{"loc":{"start":{"line":128,"column":50},"end":{"line":128,"column":67}},"type":"default-arg","locations":[{"start":{"line":128,"column":63},"end":{"line":128,"column":67}}],"line":128},"22":{"loc":{"start":{"line":128,"column":69},"end":{"line":128,"column":88}},"type":"default-arg","locations":[{"start":{"line":128,"column":84},"end":{"line":128,"column":88}}],"line":128},"23":{"loc":{"start":{"line":128,"column":90},"end":{"line":128,"column":108}},"type":"default-arg","locations":[{"start":{"line":128,"column":104},"end":{"line":128,"column":108}}],"line":128},"24":{"loc":{"start":{"line":128,"column":110},"end":{"line":128,"column":128}},"type":"default-arg","locations":[{"start":{"line":128,"column":124},"end":{"line":128,"column":128}}],"line":128},"25":{"loc":{"start":{"line":128,"column":130},"end":{"line":128,"column":133}},"type":"default-arg","locations":[{"start":{"line":128,"column":132},"end":{"line":128,"column":133}}],"line":128},"26":{"loc":{"start":{"line":132,"column":8},"end":{"line":150,"column":9}},"type":"if","locations":[{"start":{"line":132,"column":8},"end":{"line":150,"column":9}},{"start":{},"end":{}}],"line":132},"27":{"loc":{"start":{"line":134,"column":12},"end":{"line":149,"column":13}},"type":"if","locations":[{"start":{"line":134,"column":12},"end":{"line":149,"column":13}},{"start":{"line":136,"column":17},"end":{"line":149,"column":13}}],"line":134},"28":{"loc":{"start":{"line":141,"column":20},"end":{"line":144,"column":21}},"type":"if","locations":[{"start":{"line":141,"column":20},"end":{"line":144,"column":21}},{"start":{},"end":{}}],"line":141},"29":{"loc":{"start":{"line":146,"column":16},"end":{"line":148,"column":17}},"type":"if","locations":[{"start":{"line":146,"column":16},"end":{"line":148,"column":17}},{"start":{},"end":{}}],"line":146}},"s":{"0":1,"1":1,"2":1,"3":49,"4":7,"5":7,"6":7,"7":11,"8":4,"9":45,"10":6,"11":6,"12":6,"13":6,"14":12,"15":4,"16":6,"17":2,"18":43,"19":5,"20":5,"21":5,"22":5,"23":1,"24":42,"25":6,"26":11,"27":11,"28":11,"29":2,"30":40,"31":18,"32":18,"33":31,"34":7,"35":24,"36":18,"37":36,"38":20,"39":16,"40":16,"41":16,"42":16,"43":23,"44":24,"45":0,"46":24,"47":24,"48":24,"49":96,"50":24,"51":3,"52":3,"53":3,"54":21,"55":21,"56":21,"57":21,"58":9,"59":12,"60":12,"61":12,"62":12,"63":24,"64":11,"65":11,"66":12,"67":8,"68":3,"69":2,"70":2,"71":2,"72":2,"73":2,"74":2,"75":2,"76":2,"77":2,"78":2,"79":2,"80":2,"81":2,"82":2,"83":2,"84":2,"85":2,"86":2,"87":2,"88":2,"89":2,"90":2,"91":2,"92":2,"93":2,"94":2,"95":2,"96":2,"97":2,"98":2,"99":2,"100":2,"101":2,"102":2,"103":2,"104":2,"105":2,"106":2,"107":2,"108":2,"109":2,"110":2,"111":2,"112":2,"113":1,"114":1,"115":1,"116":0,"117":0,"118":1,"119":1,"120":1,"121":1,"122":1,"123":1,"124":1,"125":1,"126":1,"127":1,"128":1,"129":1,"130":1,"131":1,"132":1,"133":0,"134":0,"135":1,"136":1,"137":1,"138":1,"139":1,"140":1,"141":1,"142":1,"143":0,"144":0,"145":0,"146":0,"147":0,"148":0,"149":0,"150":0,"151":0,"152":0,"153":0,"154":0,"155":0,"156":0,"157":0,"158":0,"159":0,"160":0,"161":0,"162":0,"163":0,"164":0,"165":0,"166":0,"167":0,"168":0,"169":0,"170":0,"171":0,"172":0,"173":0,"174":1},"f":{"0":49,"1":18,"2":36,"3":23,"4":24,"5":3,"6":2,"7":1,"8":1,"9":1,"10":1,"11":0,"12":0,"13":0},"b":{"0":[10],"1":[10],"2":[10],"3":[10],"4":[7,42],"5":[7,0],"6":[4,7],"7":[6,39],"8":[6,0],"9":[4,8],"10":[2,4],"11":[5,38],"12":[5,0],"13":[1,4],"14":[6,36],"15":[11,0],"16":[2,9],"17":[49,43],"18":[7,24],"19":[20,16],"20":[0,24],"21":[1],"22":[1],"23":[1],"24":[1],"25":[3],"26":[21,0],"27":[9,12],"28":[11,13],"29":[8,4]},"_coverageSchema":"1a1c01bbd47fc00a2c39e90264f33305004495a9","hash":"6394cf65eeada71a0ab3708d537f3245ac44fbdb"}
}
