TN:
SF:db\models\faceDetectionCalc.js
FN:14,filter
FN:70,merge
FN:86,mergesort
FN:104,euclideandistance
FN:112,glassesToUserDataCalc
FN:128,glassesDataReturn
FN:158,calculateUserData
FN:228,uploadImageTest
FN:230,setEndpoint
FN:260,facelandmark
FN:262,setEndpoint
FN:302,facelandmarkURL
FN:308,setEndpoint
FN:340,facemesh
FNF:14
FNH:11
FNDA:49,filter
FNDA:18,merge
FNDA:36,mergesort
FNDA:23,euclideandistance
FNDA:24,glassesToUserDataCalc
FNDA:3,glassesDataReturn
FNDA:2,calculateUserData
FNDA:0,uploadImageTest
FNDA:0,setEndpoint
FNDA:1,facelandmark
FNDA:1,setEndpoint
FNDA:1,facelandmarkURL
FNDA:1,setEndpoint
FNDA:0,facemesh
DA:1,1
DA:2,1
DA:4,1
DA:15,49
DA:16,7
DA:17,7
DA:18,7
DA:19,11
DA:20,4
DA:26,45
DA:27,6
DA:28,6
DA:29,6
DA:30,6
DA:31,12
DA:32,4
DA:37,6
DA:38,2
DA:41,43
DA:42,5
DA:43,5
DA:44,5
DA:46,5
DA:47,1
DA:53,42
DA:54,6
DA:55,11
DA:56,11
DA:57,11
DA:58,2
DA:64,40
DA:71,18
DA:73,18
DA:74,31
DA:75,7
DA:77,24
DA:80,18
DA:88,36
DA:89,20
DA:91,16
DA:92,16
DA:93,16
DA:95,16
DA:105,23
DA:113,24
DA:114,0
DA:116,24
DA:117,24
DA:118,96
DA:120,24
DA:129,3
DA:130,3
DA:131,21
DA:132,21
DA:133,21
DA:134,21
DA:135,9
DA:137,12
DA:138,12
DA:140,12
DA:141,24
DA:142,11
DA:143,11
DA:146,12
DA:147,8
DA:153,3
DA:159,2
DA:161,2
DA:162,2
DA:163,2
DA:164,2
DA:166,2
DA:167,2
DA:168,2
DA:169,2
DA:171,2
DA:172,2
DA:173,2
DA:174,2
DA:176,2
DA:177,2
DA:178,2
DA:179,2
DA:181,2
DA:182,2
DA:183,2
DA:184,2
DA:186,2
DA:187,2
DA:188,2
DA:189,2
DA:190,2
DA:192,2
DA:195,2
DA:196,2
DA:197,2
DA:198,2
DA:199,2
DA:200,2
DA:201,2
DA:203,2
DA:204,2
DA:205,2
DA:207,2
DA:208,2
DA:209,2
DA:211,2
DA:212,2
DA:213,2
DA:226,2
DA:231,0
DA:232,0
DA:234,0
DA:236,0
DA:237,0
DA:242,0
DA:244,0
DA:246,0
DA:248,0
DA:254,0
DA:256,0
DA:263,1
DA:264,1
DA:266,1
DA:268,0
DA:269,0
DA:273,1
DA:275,1
DA:277,1
DA:278,1
DA:284,1
DA:287,1
DA:289,1
DA:291,1
DA:293,1
DA:295,1
DA:299,1
DA:304,1
DA:309,1
DA:310,1
DA:312,1
DA:314,0
DA:315,0
DA:320,1
DA:322,1
DA:325,1
DA:328,1
DA:330,1
DA:332,1
DA:337,1
DA:341,0
DA:342,0
DA:343,0
DA:345,0
DA:346,0
DA:350,0
DA:351,0
DA:352,0
DA:353,0
DA:355,0
DA:356,0
DA:357,0
DA:358,0
DA:359,0
DA:361,0
DA:362,0
DA:363,0
DA:364,0
DA:366,0
DA:371,0
DA:372,0
DA:377,0
DA:378,0
DA:379,0
DA:380,0
DA:382,0
DA:383,0
DA:384,0
DA:385,0
DA:387,0
DA:388,0
DA:390,0
DA:391,0
DA:393,0
DA:394,0
DA:395,0
DA:399,0
DA:406,0
DA:409,1
LF:189
LH:135
BRDA:14,0,0,10
BRDA:14,1,0,10
BRDA:14,2,0,10
BRDA:14,3,0,10
BRDA:15,4,0,7
BRDA:15,4,1,42
BRDA:17,5,0,7
BRDA:17,5,1,0
BRDA:19,6,0,4
BRDA:19,6,1,7
BRDA:26,7,0,6
BRDA:26,7,1,39
BRDA:29,8,0,6
BRDA:29,8,1,0
BRDA:31,9,0,4
BRDA:31,9,1,8
BRDA:37,10,0,2
BRDA:37,10,1,4
BRDA:41,11,0,5
BRDA:41,11,1,38
BRDA:43,12,0,5
BRDA:43,12,1,0
BRDA:46,13,0,1
BRDA:46,13,1,4
BRDA:53,14,0,6
BRDA:53,14,1,36
BRDA:55,15,0,11
BRDA:55,15,1,0
BRDA:57,16,0,2
BRDA:57,16,1,9
BRDA:73,17,0,49
BRDA:73,17,1,43
BRDA:74,18,0,7
BRDA:74,18,1,24
BRDA:88,19,0,20
BRDA:88,19,1,16
BRDA:113,20,0,0
BRDA:113,20,1,24
BRDA:128,21,0,2
BRDA:128,22,0,2
BRDA:128,23,0,2
BRDA:128,24,0,2
BRDA:128,25,0,3
BRDA:132,26,0,21
BRDA:132,26,1,0
BRDA:134,27,0,9
BRDA:134,27,1,12
BRDA:141,28,0,11
BRDA:141,28,1,13
BRDA:146,29,0,8
BRDA:146,29,1,4
BRF:51
BRH:45
end_of_record
