TN:
SF:db\models\faceDetectionCalc.js
FN:14,filter
FN:70,merge
FN:86,mergesort
FN:104,euclideandistance
FN:112,glassesToUserDataCalc
FN:128,glassesDataReturn
FN:158,calculateUserData
FN:230,facelandmark
FN:232,setEndpoint
FN:273,facelandmarkURL
FN:279,setEndpoint
FN:312,tranformToGoogle
FN:315,(anonymous_12)
FN:348,facemesh
FNF:14
FNH:11
FNDA:49,filter
FNDA:18,merge
FNDA:36,mergesort
FNDA:23,euclideandistance
FNDA:24,glassesToUserDataCalc
FNDA:3,glassesDataReturn
FNDA:2,calculateUserData
FNDA:1,facelandmark
FNDA:1,setEndpoint
FNDA:1,facelandmarkURL
FNDA:1,setEndpoint
FNDA:0,tranformToGoogle
FNDA:0,(anonymous_12)
FNDA:0,facemesh
DA:1,1
DA:2,1
DA:4,1
DA:15,49
DA:16,7
DA:17,7
DA:18,7
DA:19,11
DA:20,4
DA:26,45
DA:27,6
DA:28,6
DA:29,6
DA:30,6
DA:31,12
DA:32,4
DA:37,6
DA:38,2
DA:41,43
DA:42,5
DA:43,5
DA:44,5
DA:46,5
DA:47,1
DA:53,42
DA:54,6
DA:55,11
DA:56,11
DA:57,11
DA:58,2
DA:64,40
DA:71,18
DA:73,18
DA:74,31
DA:75,7
DA:77,24
DA:80,18
DA:88,36
DA:89,20
DA:91,16
DA:92,16
DA:93,16
DA:95,16
DA:105,23
DA:113,24
DA:114,0
DA:116,24
DA:117,24
DA:118,96
DA:120,24
DA:129,3
DA:130,3
DA:131,21
DA:132,21
DA:133,21
DA:134,21
DA:135,9
DA:137,12
DA:138,12
DA:140,12
DA:141,24
DA:142,11
DA:143,11
DA:146,12
DA:147,8
DA:153,3
DA:159,2
DA:161,2
DA:162,2
DA:163,2
DA:164,2
DA:166,2
DA:167,2
DA:168,2
DA:169,2
DA:171,2
DA:172,2
DA:173,2
DA:174,2
DA:176,2
DA:177,2
DA:178,2
DA:179,2
DA:181,2
DA:182,2
DA:183,2
DA:184,2
DA:186,2
DA:187,2
DA:188,2
DA:189,2
DA:190,2
DA:192,2
DA:195,2
DA:196,2
DA:197,2
DA:198,2
DA:199,2
DA:200,2
DA:201,2
DA:203,2
DA:204,2
DA:205,2
DA:207,2
DA:208,2
DA:209,2
DA:211,2
DA:212,2
DA:213,2
DA:226,2
DA:233,1
DA:234,1
DA:236,1
DA:238,0
DA:239,0
DA:243,1
DA:245,1
DA:247,1
DA:248,1
DA:257,1
DA:259,1
DA:261,1
DA:262,1
DA:264,1
DA:266,1
DA:270,1
DA:275,1
DA:280,1
DA:281,1
DA:283,1
DA:285,0
DA:286,0
DA:291,1
DA:293,1
DA:296,1
DA:299,1
DA:300,1
DA:302,1
DA:304,1
DA:309,1
DA:314,0
DA:315,0
DA:317,0
DA:319,0
DA:320,0
DA:321,0
DA:322,0
DA:324,0
DA:325,0
DA:326,0
DA:327,0
DA:329,0
DA:330,0
DA:331,0
DA:332,0
DA:334,0
DA:335,0
DA:336,0
DA:337,0
DA:339,0
DA:340,0
DA:341,0
DA:342,0
DA:344,0
DA:346,0
DA:351,0
DA:353,0
DA:355,0
DA:357,0
DA:358,0
DA:360,0
DA:364,1
LF:172
LH:136
BRDA:14,0,0,10
BRDA:14,1,0,10
BRDA:14,2,0,10
BRDA:14,3,0,10
BRDA:15,4,0,7
BRDA:15,4,1,42
BRDA:17,5,0,7
BRDA:17,5,1,0
BRDA:19,6,0,4
BRDA:19,6,1,7
BRDA:26,7,0,6
BRDA:26,7,1,39
BRDA:29,8,0,6
BRDA:29,8,1,0
BRDA:31,9,0,4
BRDA:31,9,1,8
BRDA:37,10,0,2
BRDA:37,10,1,4
BRDA:41,11,0,5
BRDA:41,11,1,38
BRDA:43,12,0,5
BRDA:43,12,1,0
BRDA:46,13,0,1
BRDA:46,13,1,4
BRDA:53,14,0,6
BRDA:53,14,1,36
BRDA:55,15,0,11
BRDA:55,15,1,0
BRDA:57,16,0,2
BRDA:57,16,1,9
BRDA:73,17,0,49
BRDA:73,17,1,43
BRDA:74,18,0,7
BRDA:74,18,1,24
BRDA:88,19,0,20
BRDA:88,19,1,16
BRDA:113,20,0,0
BRDA:113,20,1,24
BRDA:128,21,0,1
BRDA:128,22,0,1
BRDA:128,23,0,1
BRDA:128,24,0,1
BRDA:128,25,0,3
BRDA:132,26,0,21
BRDA:132,26,1,0
BRDA:134,27,0,9
BRDA:134,27,1,12
BRDA:141,28,0,11
BRDA:141,28,1,13
BRDA:146,29,0,8
BRDA:146,29,1,4
BRF:51
BRH:45
end_of_record
